<?xml version="1.0" encoding="UTF-8"?>
<!-- Generated by org.testng.reporters.JUnitReportReporter -->
<testsuite hostname="sonali" failures="0" tests="1" name="com.test.LoginClass" time="5.303" errors="0" timestamp="2024-01-17T00:11:00 IST" skipped="0">
  <testcase classname="com.test.LoginClass" name="login" time="5.303"/>
</testsuite> <!-- com.test.LoginClass -->
